Sun, 17 May 2020 15:32:00 GMT | INFO | app.log | APP LAUNCHED IN PORT 3000 | 
Mon, 18 May 2020 15:11:06 GMT | INFO | app.log | APP LAUNCHED IN PORT 3000 | 
Mon, 18 May 2020 15:11:11 GMT | INFO | app.log | APP LAUNCHED IN PORT 3000 | 
Mon, 18 May 2020 15:11:35 GMT | INFO | app.log | APP LAUNCHED IN PORT 3000 | 
Mon, 18 May 2020 15:12:12 GMT | INFO | app.log | APP LAUNCHED IN PORT 3000 | 
Mon, 18 May 2020 15:15:46 GMT | INFO | app.log | APP LAUNCHED IN PORT 3000 | 
Mon, 18 May 2020 15:20:22 GMT | INFO | app.log | APP LAUNCHED IN PORT 3000 | 
Mon, 18 May 2020 15:20:39 GMT | INFO | app.log | APP LAUNCHED IN PORT 3000 | 
Mon, 18 May 2020 15:38:48 GMT | INFO | app.log | APP LAUNCHED IN PORT 3000 | 
Mon, 18 May 2020 15:55:45 GMT | INFO | app.log | APP LAUNCHED IN PORT 3000 | 
Mon, 18 May 2020 15:56:13 GMT | INFO | app.log | APP LAUNCHED IN PORT 3000 | 
Mon, 18 May 2020 16:36:01 GMT | INFO | app.log | APP LAUNCHED IN PORT 3000 | 
Mon, 18 May 2020 16:36:48 GMT | INFO | app.log | APP LAUNCHED IN PORT 3000 | 
Mon, 18 May 2020 16:39:22 GMT | INFO | app.log | APP LAUNCHED IN PORT 3000 | 
Mon, 18 May 2020 17:15:32 GMT | INFO | app.log | APP LAUNCHED IN PORT 3000 | 
Mon, 18 May 2020 18:02:54 GMT | INFO | app.log | APP LAUNCHED IN PORT 3000 | 
Mon, 18 May 2020 18:03:51 GMT | INFO | app.log | APP LAUNCHED IN PORT 3000 | 
Mon, 18 May 2020 18:04:21 GMT | INFO | app.log | APP LAUNCHED IN PORT 3000 | 
Mon, 18 May 2020 18:08:29 GMT | INFO | app.log | APP LAUNCHED IN PORT 3000 | 
Mon, 18 May 2020 21:24:53 GMT | INFO | app.log | APP LAUNCHED IN PORT 3000 | 
Tue, 19 May 2020 15:32:34 GMT | INFO | app.log | APP LAUNCHED IN PORT 3000 | 
Tue, 19 May 2020 16:01:34 GMT | INFO | app.log | APP LAUNCHED IN PORT 3000 | 
Tue, 19 May 2020 16:25:28 GMT | INFO | app.log | APP LAUNCHED IN PORT 3000 | 
Tue, 19 May 2020 16:26:26 GMT | INFO | app.log | APP LAUNCHED IN PORT 3000 | 
Tue, 19 May 2020 17:54:37 GMT | INFO | app.log | APP LAUNCHED IN PORT 3000 | 
Tue, 19 May 2020 17:56:16 GMT | INFO | app.log | APP LAUNCHED IN PORT 3000 | 
Tue, 19 May 2020 18:22:52 GMT | INFO | app.log | APP LAUNCHED IN PORT 3000 | 
Tue, 19 May 2020 18:23:09 GMT | INFO | app.log | APP LAUNCHED IN PORT 3000 | 
Tue, 19 May 2020 18:45:14 GMT | INFO | app.log | APP LAUNCHED IN PORT 3000 | 
Tue, 19 May 2020 18:46:58 GMT | INFO | app.log | APP LAUNCHED IN PORT 3000 | 
Tue, 19 May 2020 18:48:00 GMT | INFO | app.log | APP LAUNCHED IN PORT 3000 | 
Tue, 19 May 2020 18:55:18 GMT | INFO | app.log | APP LAUNCHED IN PORT 3000 | 
Tue, 19 May 2020 18:56:56 GMT | INFO | app.log | APP LAUNCHED IN PORT 3000 | 
Tue, 19 May 2020 18:58:32 GMT | INFO | app.log | APP LAUNCHED IN PORT 3000 | 
Tue, 19 May 2020 18:59:04 GMT | INFO | app.log | APP LAUNCHED IN PORT 3000 | 
Tue, 19 May 2020 18:59:53 GMT | INFO | app.log | APP LAUNCHED IN PORT 3000 | 
Tue, 19 May 2020 19:00:51 GMT | INFO | app.log | APP LAUNCHED IN PORT 3000 | 
Tue, 19 May 2020 19:01:29 GMT | INFO | app.log | APP LAUNCHED IN PORT 3000 | 
Tue, 19 May 2020 19:02:11 GMT | INFO | app.log | APP LAUNCHED IN PORT 3000 | 
Tue, 19 May 2020 19:05:40 GMT | INFO | app.log | APP LAUNCHED IN PORT 3000 | 
Tue, 19 May 2020 19:06:46 GMT | INFO | app.log | APP LAUNCHED IN PORT 3000 | 
Tue, 19 May 2020 19:07:29 GMT | INFO | app.log | APP LAUNCHED IN PORT 3000 | 
Tue, 19 May 2020 19:08:58 GMT | INFO | app.log | APP LAUNCHED IN PORT 3000 | 
Tue, 19 May 2020 19:09:21 GMT | INFO | app.log | APP LAUNCHED IN PORT 3000 | 
Tue, 19 May 2020 19:30:09 GMT | INFO | app.log | APP LAUNCHED IN PORT 3000 | 
Tue, 19 May 2020 19:33:32 GMT | INFO | app.log | APP LAUNCHED IN PORT 3000 | 
Tue, 19 May 2020 19:33:53 GMT | INFO | app.log | APP LAUNCHED IN PORT 3000 | 
Tue, 19 May 2020 19:34:03 GMT | INFO | app.log | APP LAUNCHED IN PORT 3000 | 
Tue, 19 May 2020 19:36:06 GMT | INFO | app.log | APP LAUNCHED IN PORT 3000 | 
Tue, 19 May 2020 19:41:55 GMT | INFO | app.log | APP LAUNCHED IN PORT 3000 | 
Tue, 19 May 2020 19:43:38 GMT | INFO | app.log | APP LAUNCHED IN PORT 3000 | 
Tue, 19 May 2020 19:45:03 GMT | INFO | app.log | APP LAUNCHED IN PORT 3000 | 
Tue, 19 May 2020 19:46:22 GMT | INFO | app.log | APP LAUNCHED IN PORT 3000 | 
Tue, 19 May 2020 19:48:41 GMT | INFO | app.log | APP LAUNCHED IN PORT 3000 | 
Tue, 19 May 2020 19:49:13 GMT | INFO | app.log | APP LAUNCHED IN PORT 3000 | 
Tue, 19 May 2020 19:50:25 GMT | INFO | app.log | APP LAUNCHED IN PORT 3000 | 
Tue, 19 May 2020 19:51:01 GMT | INFO | app.log | APP LAUNCHED IN PORT 3000 | 
Tue, 19 May 2020 19:51:48 GMT | INFO | app.log | APP LAUNCHED IN PORT 3000 | 
Tue, 19 May 2020 19:52:23 GMT | INFO | app.log | APP LAUNCHED IN PORT 3000 | 
Tue, 19 May 2020 21:19:19 GMT | INFO | app.log | APP LAUNCHED IN PORT 3000 | 
Tue, 19 May 2020 21:19:52 GMT | INFO | app.log | APP LAUNCHED IN PORT 3000 | 
Tue, 19 May 2020 21:34:15 GMT | INFO | app.log | APP LAUNCHED IN PORT 3000 | 
Tue, 19 May 2020 21:41:09 GMT | INFO | app.log | APP LAUNCHED IN PORT 3000 | 
Tue, 19 May 2020 22:49:55 GMT | INFO | app.log | APP LAUNCHED IN PORT 3000 | 
Tue, 19 May 2020 22:54:47 GMT | INFO | app.log | APP LAUNCHED IN PORT 3000 | 
Tue, 19 May 2020 22:57:48 GMT | INFO | app.log | APP LAUNCHED IN PORT 3000 | 
Wed, 20 May 2020 14:56:00 GMT | INFO | app.log | APP LAUNCHED IN PORT 3000 | 
Wed, 20 May 2020 15:43:44 GMT | INFO | app.log | APP LAUNCHED IN PORT 3000 | 
Wed, 20 May 2020 16:07:42 GMT | INFO | app.log | APP LAUNCHED IN PORT 3000 | 
Wed, 20 May 2020 16:07:57 GMT | INFO | app.log | APP LAUNCHED IN PORT 3000 | 
Wed, 20 May 2020 16:13:01 GMT | INFO | app.log | APP LAUNCHED IN PORT 3000 | 
Wed, 20 May 2020 16:18:39 GMT | INFO | app.log | APP LAUNCHED IN PORT 3000 | 
Wed, 20 May 2020 16:34:27 GMT | INFO | app.log | APP LAUNCHED IN PORT 3000 | 
Wed, 20 May 2020 16:35:58 GMT | INFO | app.log | APP LAUNCHED IN PORT 3000 | 
Wed, 20 May 2020 16:38:29 GMT | INFO | app.log | APP LAUNCHED IN PORT 3000 | 
Wed, 20 May 2020 16:41:30 GMT | INFO | app.log | APP LAUNCHED IN PORT 3000 | 
Wed, 20 May 2020 16:42:16 GMT | INFO | app.log | APP LAUNCHED IN PORT 3000 | 
Wed, 20 May 2020 16:42:50 GMT | INFO | app.log | APP LAUNCHED IN PORT 3000 | 
Wed, 20 May 2020 16:52:31 GMT | INFO | app.log | APP LAUNCHED IN PORT 3000 | 
Wed, 20 May 2020 17:25:22 GMT | INFO | app.log | APP LAUNCHED IN PORT 3000 | 
Wed, 20 May 2020 17:36:52 GMT | INFO | app.log | APP LAUNCHED IN PORT 3000 | 
Wed, 20 May 2020 17:40:08 GMT | INFO | app.log | APP LAUNCHED IN PORT 3000 | 
Wed, 20 May 2020 17:45:32 GMT | INFO | app.log | APP LAUNCHED IN PORT 3000 | 
Wed, 20 May 2020 17:50:06 GMT | INFO | app.log | APP LAUNCHED IN PORT 3000 | 
Wed, 20 May 2020 17:59:20 GMT | INFO | app.log | APP LAUNCHED IN PORT 3000 | 
Wed, 20 May 2020 18:03:05 GMT | INFO | app.log | APP LAUNCHED IN PORT 3000 | 
Wed, 20 May 2020 18:09:14 GMT | INFO | app.log | APP LAUNCHED IN PORT 3000 | 
Wed, 20 May 2020 18:13:24 GMT | INFO | app.log | APP LAUNCHED IN PORT 3000 | 
Wed, 20 May 2020 18:24:50 GMT | INFO | app.log | APP LAUNCHED IN PORT 3000 | 
Wed, 20 May 2020 18:25:52 GMT | INFO | app.log | APP LAUNCHED IN PORT 3000 | 
Wed, 20 May 2020 18:32:54 GMT | INFO | app.log | APP LAUNCHED IN PORT 3000 | 
Wed, 20 May 2020 18:34:10 GMT | INFO | app.log | APP LAUNCHED IN PORT 3000 | 
Wed, 20 May 2020 18:36:21 GMT | INFO | app.log | APP LAUNCHED IN PORT 3000 | 
Wed, 20 May 2020 18:37:30 GMT | INFO | app.log | APP LAUNCHED IN PORT 3000 | 
Wed, 20 May 2020 18:38:45 GMT | INFO | app.log | APP LAUNCHED IN PORT 3000 | 
Wed, 20 May 2020 18:43:50 GMT | INFO | app.log | APP LAUNCHED IN PORT 3000 | 
Wed, 20 May 2020 18:45:39 GMT | INFO | app.log | APP LAUNCHED IN PORT 3000 | 
Wed, 20 May 2020 18:48:48 GMT | INFO | app.log | APP LAUNCHED IN PORT 3000 | 
Wed, 20 May 2020 18:52:55 GMT | INFO | app.log | APP LAUNCHED IN PORT 3000 | 
Wed, 20 May 2020 18:53:35 GMT | INFO | app.log | APP LAUNCHED IN PORT 3000 | 
Wed, 20 May 2020 18:58:19 GMT | INFO | app.log | APP LAUNCHED IN PORT 3000 | 
Wed, 20 May 2020 19:02:14 GMT | INFO | app.log | APP LAUNCHED IN PORT 3000 | 
Wed, 20 May 2020 19:13:35 GMT | INFO | app.log | APP LAUNCHED IN PORT 3000 | 
Wed, 20 May 2020 19:16:37 GMT | INFO | app.log | APP LAUNCHED IN PORT 3000 | 
Wed, 20 May 2020 19:17:30 GMT | INFO | app.log | APP LAUNCHED IN PORT 3000 | 
Wed, 20 May 2020 20:01:17 GMT | INFO | app.log | APP LAUNCHED IN PORT 3000 | 
Wed, 20 May 2020 20:05:13 GMT | INFO | app.log | APP LAUNCHED IN PORT 3000 | 
Wed, 20 May 2020 20:14:09 GMT | INFO | app.log | APP LAUNCHED IN PORT 3000 | 
Wed, 20 May 2020 20:16:38 GMT | INFO | app.log | APP LAUNCHED IN PORT 3000 | 
Wed, 20 May 2020 20:18:45 GMT | INFO | app.log | APP LAUNCHED IN PORT 3000 | 
Wed, 20 May 2020 20:21:29 GMT | INFO | app.log | APP LAUNCHED IN PORT 3000 | 
Wed, 20 May 2020 20:23:42 GMT | INFO | app.log | APP LAUNCHED IN PORT 3000 | 
Wed, 20 May 2020 20:31:37 GMT | INFO | app.log | APP LAUNCHED IN PORT 3000 | 
Wed, 20 May 2020 20:32:23 GMT | INFO | app.log | APP LAUNCHED IN PORT 3000 | 
Wed, 20 May 2020 20:37:59 GMT | INFO | app.log | APP LAUNCHED IN PORT 3000 | 
Wed, 20 May 2020 20:39:50 GMT | INFO | app.log | APP LAUNCHED IN PORT 3000 | 
Wed, 20 May 2020 20:46:58 GMT | INFO | app.log | APP LAUNCHED IN PORT 3000 | 
Wed, 20 May 2020 21:24:10 GMT | INFO | app.log | APP LAUNCHED IN PORT 3000 | 
Wed, 20 May 2020 21:25:40 GMT | INFO | app.log | APP LAUNCHED IN PORT 3000 | 
Thu, 21 May 2020 18:30:09 GMT | INFO | app.log | APP LAUNCHED IN PORT 3000 | 
Thu, 21 May 2020 19:31:23 GMT | INFO | app.log | APP LAUNCHED IN PORT 3000 | 
Fri, 22 May 2020 05:57:20 GMT | INFO | app.log | APP LAUNCHED IN PORT 3000 | 
